<?xml version="1.0" encoding="UTF-8"?>
<!-- Generated by org.testng.reporters.JUnitReportReporter -->
<testsuite hostname="DESKTOP-1IC6BFS" failures="0" tests="1" name="com.umr.apitesting.test.SetupVerificationTest" time="0.075" errors="0" timestamp="2024-11-22T19:03:37 EST" skipped="0">
  <testcase classname="com.umr.apitesting.test.SetupVerificationTest" name="verifySetup" time="0.075"/>
  <system-out/>
</testsuite> <!-- com.umr.apitesting.test.SetupVerificationTest -->
