<?xml version="1.0" encoding="UTF-8"?>
<!-- Generated by org.testng.reporters.JUnitReportReporter -->
<testsuite hostname="DESKTOP-1IC6BFS" failures="0" tests="3" name="com.umr.apitesting.test.FrameworkSetupTest" time="1.364" errors="0" timestamp="2024-11-22T19:03:37 EST" skipped="0">
  <testcase classname="com.umr.apitesting.test.FrameworkSetupTest" name="testConfigurationLoading" time="0.007"/>
  <system-out/>
  <testcase classname="com.umr.apitesting.test.FrameworkSetupTest" name="testTestContext" time="0.001"/>
  <system-out/>
  <testcase classname="com.umr.apitesting.test.FrameworkSetupTest" name="testRestClient" time="1.356"/>
  <system-out/>
</testsuite> <!-- com.umr.apitesting.test.FrameworkSetupTest -->
